<?xml version="1.0" encoding="UTF-8"?>
<!-- Generated by org.testng.reporters.JUnitXMLReporter -->
<testsuite ignored="0" hostname="LAPTOP-52U3QR0N" failures="1" tests="2" name="Test" time="40.941" errors="0" timestamp="16 Oct 2022 17:26:54 GMT">
  <testcase classname="pushpa.PushpaValidation" name="pushpaValidationWithModifications" time="15.632"/>
  <testcase classname="pushpa.PushpaValidation" name="pushpaValidationWithoutModifications" time="16.132">
    <failure type="java.lang.AssertionError" message="expected [December 17, 2021 (United States)] but found [17 December 2021]">
      <![CDATA[java.lang.AssertionError: expected [December 17, 2021 (United States)] but found [17 December 2021]
	at pushpa.PushpaValidation.pushpaValidationWithoutModifications(PushpaValidation.java:70)
... Removed 31 stack frames]]>
    </failure>
  </testcase> <!-- pushpaValidationWithoutModifications -->
</testsuite> <!-- Test -->
